<?xml version="1.0" encoding="UTF-8"?>
<!-- Generated by org.testng.reporters.JUnitXMLReporter -->
<testsuite hostname="LAPTOP-UH729F15" ignored="0" name="Default test" tests="3" failures="0" timestamp="2021-12-16T15:19:45 IST" time="19.652" errors="0">
  <testcase name="varifyFirstBookTitle" time="0.086" classname="com.atipune.testng.basic.ExtendReportsEx"/>
  <testcase name="varifyHomePage" time="0.007" classname="com.atipune.testng.basic.ExtendReportsEx"/>
  <testcase name="varifyNewArrivalsDisplayed" time="0.255" classname="com.atipune.testng.basic.ExtendReportsEx"/>
</testsuite> <!-- Default test -->
